commit 9e193e57be5760246fffc13f82d1a0bbfb7d28cd
Merge: a5dbcca aa4466e
Author: Ing. Engelbert Zamudio Ponzzi <engel_zamudio@icloud.com>
Date:   Wed Jul 29 20:06:29 2015 -0500

    Merge branch 'experimental'

commit a5dbcca929bc0b17e0e9ff950f247cf02489bd62
Author: Ing. Engelbert Zamudio Ponzzi <engel_zamudio@icloud.com>
Date:   Wed Jul 29 19:58:24 2015 -0500

    [ MASTER-index.html ] Agregue la clase socialmedia y el id sm

commit aa4466e2b213d83614cd19b193d72095176ec798
Author: Ing. Engelbert Zamudio Ponzzi <engel_zamudio@icloud.com>
Date:   Wed Jul 29 19:55:03 2015 -0500

    [ EXPERIMENTAL-styles.css ] Actualice color de Social media a color verde

commit 2a36467d2589bdc1e29b6499f1120b4f10be664c
Author: Ing. Engelbert Zamudio Ponzzi <engel_zamudio@icloud.com>
Date:   Wed Jul 29 19:53:40 2015 -0500

    [ EXPERIMENTAL-styles.css ] Actualice el color de nombre de tus sitios y tu descripcion

commit fc5889466cfd38e6fd2a4fca1c0e16931f11ac8f
Author: Ing. Engelbert Zamudio Ponzzi <engel_zamudio@icloud.com>
Date:   Wed Jul 29 19:45:08 2015 -0500

    [ MASTER-historialnice.log ] Se actualizo el historialnice.log con la fusion de la rama EXPERIMENTAL a MASTER

commit bb27260bc441369b78fa07dadd7eaeeb9c307975
Merge: 0b00e19 adbcff4
Author: Ing. Engelbert Zamudio Ponzzi <engel_zamudio@icloud.com>
Date:   Wed Jul 29 19:42:19 2015 -0500

    [ MASTER|MERGIN - historial.log] Se actualizo el historial

commit 0b00e193e6ad3e191897a2e7741824ac7e0ff3d2
Author: Ing. Engelbert Zamudio Ponzzi <engel_zamudio@icloud.com>
Date:   Wed Jul 29 19:38:56 2015 -0500

    [ MASTER-index.html ] se actualizo la seccion de social media.

commit adbcff405ac0258e4670e248fd7bc7a0a3cf63b4
Author: Ing. Engelbert Zamudio Ponzzi <engel_zamudio@icloud.com>
Date:   Wed Jul 29 19:35:52 2015 -0500

    [ EXPERIMENTAL-styles.css ] Se Actualizo el color del nombre debajo de la foto a color BLANCO TECHO

commit e2f3fde9ebdac2c13f10cf3290dcaa8844bc2aed
Author: Ing. Engelbert Zamudio Ponzzi <engel_zamudio@icloud.com>
Date:   Wed Jul 29 19:28:51 2015 -0500

    [ EXPERIMENTAL-historiallog.log ] Se actualizo el archivo historialnice.log

commit 54c965ca648f60b01f572099b4b18b8c64004148
Author: Ing. Engelbert Zamudio Ponzzi <engel_zamudio@icloud.com>
Date:   Wed Jul 29 19:27:47 2015 -0500

    [ EXPERIMENTAL-styles.css ] Se modifico el color del sidebar ddel header al mismo color del body que es color azul opacon, como tambien se agrego el archivo historialnice.log

commit 2c159ee27079c2a3cbff25c1b1220f07666e1865
Author: Ing. Engelbert Zamudio Ponzzi <engel_zamudio@icloud.com>
Date:   Wed Jul 29 19:18:06 2015 -0500

    [ MASTER-index.html ] actualizando historial de commits y agregando historial de RAMAS y FUSIONES en archivo historialnice.log

commit 6cb35b1f53aa5fe09826a57c1b8a141fa81da5cf
Author: Ing. Engelbert Zamudio Ponzzi <engel_zamudio@icloud.com>
Date:   Wed Jul 29 19:09:38 2015 -0500

    [ MASTER-index.html ] Agregue link de Twitter

commit f6e362478ff2c972058a7ac0f3aa92b247b6cbeb
Author: Ing. Engelbert Zamudio Ponzzi <engel_zamudio@icloud.com>
Date:   Wed Jul 29 19:04:17 2015 -0500

    [ EXPERIMENTAL-sylesheets/styles.cs ] Cambie color de fondo a color : Azul opacon

commit 13039f28fc0ba5afb80ab5c3f390506efad5af15
Author: Ing. Engelbert Zamudio Ponzzi <engel_zamudio@icloud.com>
Date:   Wed Jul 29 18:40:51 2015 -0500

    [ MASTER-historial.log ] Agregue cambiso al archivo.

commit c91e87a72eedbbd56993108a09f0467bea986279
Author: Ing. Engelbert Zamudio Ponzzi <engel_zamudio@icloud.com>
Date:   Wed Jul 29 18:39:04 2015 -0500

    [ MASTER-historial.log ] Agregue archivo para historial de cambios y herramienta de posibles restauraciones atraves del tiempo del proyecto

commit 60fc282171d3e2a6622b0be7757dd010be61e386
Author: Ing. Engelbert Zamudio Ponzzi <engel_zamudio@icloud.com>
Date:   Wed Jul 29 18:35:59 2015 -0500

    [ MASTER-index.html ] Agregue link de facebook para dicha seccion de Social Media

commit 48ee972ea5149bc2af48c1dc2c2a2ab9b8b9809d
Author: Ing. Engelbert Zamudio Ponzzi <engel_zamudio@icloud.com>
Date:   Wed Jul 29 18:33:22 2015 -0500

    [ MASTER-index.html ] actualice mi nombre y foto de perfil

commit 0e249901dc4e2b38e68603f4eff3034aa19e7f04
Author: Ing. Engelbert Zamudio Ponzzi <engel_zamudio@icloud.com>
Date:   Wed Jul 29 17:58:25 2015 -0500

    MASTER - Primer commit con el proyecto en estado inicial
